Using pre-set license
Built from '2021.1/release' branch; Version is '2021.1.0f1 (61a549675243) revision 6399305'; Using compiler version '192528614'; Build Type 'Release'
OS: 'Windows 10 Pro; OS build 19042.928; Version 2009; 64bit' Language: 'ru' Physical Memory: 16332 MB
BatchMode: 1, IsHumanControllingUs: 0, StartBugReporterOnCrash: 0, Is64bit: 1, IsPro: 0

 COMMAND LINE ARGUMENTS:
G:\1\2021.1.0f1\Editor\Unity.exe
-adb2
-batchMode
-noUpm
-name
AssetImportWorker0
-projectPath
D:/LearnUnity/TestUI
-logFile
Logs/AssetImportWorker0.log
-srvPort
51127
Successfully changed project path to: D:/LearnUnity/TestUI
D:/LearnUnity/TestUI
Using Asset Import Pipeline V2.
Refreshing native plugins compatible for Editor in 96.23 ms, found 2 plugins.
Preloading 0 native plugins for Editor in 0.00 ms.
Initialize engine version: 2021.1.0f1 (61a549675243)
[Subsystems] Discovering subsystems at path G:/1/2021.1.0f1/Editor/Data/Resources/UnitySubsystems
[Subsystems] Discovering subsystems at path D:/LearnUnity/TestUI/Assets
GfxDevice: creating device client; threaded=0; jobified=0
Direct3D:
    Version:  Direct3D 11.0 [level 11.1]
    Renderer: Radeon RX 570 Series (ID=0x67df)
    Vendor:   ATI
    VRAM:     8171 MB
    Driver:   27.20.12029.1000
Initialize mono
Mono path[0] = 'G:/1/2021.1.0f1/Editor/Data/Managed'
Mono path[1] = 'G:/1/2021.1.0f1/Editor/Data/MonoBleedingEdge/lib/mono/unityjit'
Mono config path = 'G:/1/2021.1.0f1/Editor/Data/MonoBleedingEdge/etc'
Using monoOptions --debugger-agent=transport=dt_socket,embedding=1,server=y,suspend=n,address=127.0.0.1:56516
Begin MonoManager ReloadAssembly
Registering precompiled unity dll's ...
Register platform support module: G:/1/2021.1.0f1/Editor/Data/PlaybackEngines/WindowsStandaloneSupport/UnityEditor.WindowsStandalone.Extensions.dll
Registered in 0.002828 seconds.
Native extension for WindowsStandalone target not found
Refreshing native plugins compatible for Editor in 97.58 ms, found 2 plugins.
Preloading 0 native plugins for Editor in 0.00 ms.
Mono: successfully reloaded assembly
- Completed reload, in  1.422 seconds
Platform modules already initialized, skipping
Registering precompiled user dll's ...
Registered in 0.003727 seconds.
Begin MonoManager ReloadAssembly
Native extension for WindowsStandalone target not found
Refreshing native plugins compatible for Editor in 94.87 ms, found 2 plugins.
Preloading 0 native plugins for Editor in 0.00 ms.
Mono: successfully reloaded assembly
- Completed reload, in  1.185 seconds
Platform modules already initialized, skipping
========================================================================
Worker process is ready to serve import requests
Launched and connected shader compiler UnityShaderCompiler.exe after 0.06 seconds
Refreshing native plugins compatible for Editor in 0.61 ms, found 2 plugins.
Preloading 0 native plugins for Editor in 0.00 ms.
Unloading 3365 Unused Serialized files (Serialized files now loaded: 0)
System memory in use before: 127.4 MB.
System memory in use after: 127.5 MB.

Unloading 29 unused Assets to reduce memory usage. Loaded Objects now: 3817.
Total: 3.050300 ms (FindLiveObjects: 0.284600 ms CreateObjectMapping: 0.086900 ms MarkObjects: 2.539700 ms  DeleteObjects: 0.137400 ms)

========================================================================
Received Import Request.
  path: Assets/Scenes/SampleScene.unity
  artifactKey: Guid(2cda990e2423bbf4892e6590ba056729) Importer(815301076,1909f56bfc062723c751e8b465ee728b)
Start importing Assets/Scenes/SampleScene.unity using Guid(2cda990e2423bbf4892e6590ba056729) Importer(815301076,1909f56bfc062723c751e8b465ee728b)  -> (artifact id: '0ea6f3c008670820013dedb642881153') in 0.013400 seconds 
========================================================================
Received Import Request.
  Time since last request: 5.503415 seconds.
  path: Assets/Scenes/SampleScene 1.unity
  artifactKey: Guid(0a4ce2dd24dd27c47b857db2f1d09f9c) Importer(815301076,1909f56bfc062723c751e8b465ee728b)
Start importing Assets/Scenes/SampleScene 1.unity using Guid(0a4ce2dd24dd27c47b857db2f1d09f9c) Importer(815301076,1909f56bfc062723c751e8b465ee728b)  -> (artifact id: '089def3507f500dabb2e4f459d1d23fa') in 0.003649 seconds 
========================================================================
Received Import Request.
  Time since last request: 10.564690 seconds.
  path: Assets/Scenes/MainMenu.unity
  artifactKey: Guid(0a4ce2dd24dd27c47b857db2f1d09f9c) Importer(815301076,1909f56bfc062723c751e8b465ee728b)
Start importing Assets/Scenes/MainMenu.unity using Guid(0a4ce2dd24dd27c47b857db2f1d09f9c) Importer(815301076,1909f56bfc062723c751e8b465ee728b)  -> (artifact id: '31003ba010f6d1e744ab61d4d7e6e2ee') in 0.003433 seconds 
========================================================================
Received Import Request.
  Time since last request: 31.348035 seconds.
  path: Assets/Scenes/HeathlsBar.unity
  artifactKey: Guid(2cda990e2423bbf4892e6590ba056729) Importer(815301076,1909f56bfc062723c751e8b465ee728b)
Start importing Assets/Scenes/HeathlsBar.unity using Guid(2cda990e2423bbf4892e6590ba056729) Importer(815301076,1909f56bfc062723c751e8b465ee728b)  -> (artifact id: '58e4830127eb00a8439fe5b844329a35') in 0.003525 seconds 
========================================================================
Received Import Request.
  Time since last request: 62.183450 seconds.
  path: Assets/Scenes/MainMenu.unity
  artifactKey: Guid(0a4ce2dd24dd27c47b857db2f1d09f9c) Importer(815301076,1909f56bfc062723c751e8b465ee728b)
Start importing Assets/Scenes/MainMenu.unity using Guid(0a4ce2dd24dd27c47b857db2f1d09f9c) Importer(815301076,1909f56bfc062723c751e8b465ee728b)  -> (artifact id: 'ee98ac834af7c2bfb59b6e77f01d914f') in 0.003227 seconds 
========================================================================
Received Prepare
Registering precompiled user dll's ...
Registered in 0.003669 seconds.
Begin MonoManager ReloadAssembly
Native extension for WindowsStandalone target not found
Refreshing native plugins compatible for Editor in 0.64 ms, found 2 plugins.
Preloading 0 native plugins for Editor in 0.00 ms.
Mono: successfully reloaded assembly
- Completed reload, in  1.029 seconds
Platform modules already initialized, skipping
Refreshing native plugins compatible for Editor in 0.59 ms, found 2 plugins.
Preloading 0 native plugins for Editor in 0.00 ms.
Unloading 3360 Unused Serialized files (Serialized files now loaded: 0)
System memory in use before: 127.5 MB.
System memory in use after: 127.6 MB.

Unloading 17 unused Assets to reduce memory usage. Loaded Objects now: 3821.
Total: 2.702100 ms (FindLiveObjects: 0.288500 ms CreateObjectMapping: 0.081700 ms MarkObjects: 2.224500 ms  DeleteObjects: 0.106600 ms)

========================================================================
Received Import Request.
  Time since last request: 370.945964 seconds.
  path: Assets/Scenes
  artifactKey: Guid(3904a43e2c0f7bf49a533673262961e2) Importer(815301076,1909f56bfc062723c751e8b465ee728b)
Start importing Assets/Scenes using Guid(3904a43e2c0f7bf49a533673262961e2) Importer(815301076,1909f56bfc062723c751e8b465ee728b)  -> (artifact id: '84430fd7cb06a82ec1b464dfaa2b924b') in 0.007426 seconds 
========================================================================
Received Prepare
Registering precompiled user dll's ...
Registered in 0.004158 seconds.
Begin MonoManager ReloadAssembly
Native extension for WindowsStandalone target not found
Refreshing native plugins compatible for Editor in 0.63 ms, found 2 plugins.
Preloading 0 native plugins for Editor in 0.00 ms.
Mono: successfully reloaded assembly
- Completed reload, in  1.026 seconds
Platform modules already initialized, skipping
Refreshing native plugins compatible for Editor in 0.62 ms, found 2 plugins.
Preloading 0 native plugins for Editor in 0.00 ms.
Unloading 3360 Unused Serialized files (Serialized files now loaded: 0)
System memory in use before: 127.6 MB.
System memory in use after: 127.7 MB.

Unloading 17 unused Assets to reduce memory usage. Loaded Objects now: 3825.
Total: 2.808100 ms (FindLiveObjects: 0.297900 ms CreateObjectMapping: 0.098600 ms MarkObjects: 2.303700 ms  DeleteObjects: 0.106700 ms)

========================================================================
Received Import Request.
  Time since last request: 4.706973 seconds.
  path: Assets/Scenes/MainMenu.unity
  artifactKey: Guid(0a4ce2dd24dd27c47b857db2f1d09f9c) Importer(815301076,1909f56bfc062723c751e8b465ee728b)
Start importing Assets/Scenes/MainMenu.unity using Guid(0a4ce2dd24dd27c47b857db2f1d09f9c) Importer(815301076,1909f56bfc062723c751e8b465ee728b)  -> (artifact id: 'd2a13eefe00c7598d2d103af9024b4c9') in 0.013829 seconds 
========================================================================
Received Import Request.
  Time since last request: 13.143181 seconds.
  path: Assets
  artifactKey: Guid(00000000000000001000000000000000) Importer(815301076,1909f56bfc062723c751e8b465ee728b)
Start importing Assets using Guid(00000000000000001000000000000000) Importer(815301076,1909f56bfc062723c751e8b465ee728b)  -> (artifact id: 'c1e3b0d4d28e3570eb9237b2a8027d38') in 0.003008 seconds 
========================================================================
Received Import Request.
  Time since last request: 6.230854 seconds.
  path: Assets/Scripts
  artifactKey: Guid(c3ddc496dfd95b543b6dbbd2b41ed2dc) Importer(815301076,1909f56bfc062723c751e8b465ee728b)
Start importing Assets/Scripts using Guid(c3ddc496dfd95b543b6dbbd2b41ed2dc) Importer(815301076,1909f56bfc062723c751e8b465ee728b)  -> (artifact id: '4d86364e6138512caaf7afd86b29e827') in 0.005427 seconds 
========================================================================
Received Import Request.
  Time since last request: 30.398184 seconds.
  path: Assets/Scripts/SceneChanger.cs
  artifactKey: Guid(e7d68628914ae5e47b74be03fd97c187) Importer(815301076,1909f56bfc062723c751e8b465ee728b)
Start importing Assets/Scripts/SceneChanger.cs using Guid(e7d68628914ae5e47b74be03fd97c187) Importer(815301076,1909f56bfc062723c751e8b465ee728b)  -> (artifact id: '24a7e2eb290183b998fa6dd884a97c71') in 0.020322 seconds 
========================================================================
Received Prepare
Registering precompiled user dll's ...
Registered in 0.003621 seconds.
Begin MonoManager ReloadAssembly
Native extension for WindowsStandalone target not found
Refreshing native plugins compatible for Editor in 0.64 ms, found 2 plugins.
Preloading 0 native plugins for Editor in 0.00 ms.
Mono: successfully reloaded assembly
- Completed reload, in  1.024 seconds
Platform modules already initialized, skipping
Refreshing native plugins compatible for Editor in 0.62 ms, found 2 plugins.
Preloading 0 native plugins for Editor in 0.00 ms.
Unloading 3361 Unused Serialized files (Serialized files now loaded: 0)
System memory in use before: 127.6 MB.
System memory in use after: 127.7 MB.

Unloading 17 unused Assets to reduce memory usage. Loaded Objects now: 3830.
Total: 2.434900 ms (FindLiveObjects: 0.274400 ms CreateObjectMapping: 0.086400 ms MarkObjects: 1.979400 ms  DeleteObjects: 0.093400 ms)

========================================================================
Received Prepare
Registering precompiled user dll's ...
Registered in 0.003596 seconds.
Begin MonoManager ReloadAssembly
Native extension for WindowsStandalone target not found
Refreshing native plugins compatible for Editor in 0.64 ms, found 2 plugins.
Preloading 0 native plugins for Editor in 0.00 ms.
Mono: successfully reloaded assembly
- Completed reload, in  1.024 seconds
Platform modules already initialized, skipping
Refreshing native plugins compatible for Editor in 0.62 ms, found 2 plugins.
Preloading 0 native plugins for Editor in 0.00 ms.
Unloading 3361 Unused Serialized files (Serialized files now loaded: 0)
System memory in use before: 127.6 MB.
System memory in use after: 127.7 MB.

Unloading 17 unused Assets to reduce memory usage. Loaded Objects now: 3834.
Total: 2.653500 ms (FindLiveObjects: 0.300900 ms CreateObjectMapping: 0.081300 ms MarkObjects: 2.171300 ms  DeleteObjects: 0.098900 ms)

========================================================================
Received Import Request.
  Time since last request: 102.590836 seconds.
  path: Assets/Scripts/SceneChanger.cs
  artifactKey: Guid(e7d68628914ae5e47b74be03fd97c187) Importer(815301076,1909f56bfc062723c751e8b465ee728b)
Start importing Assets/Scripts/SceneChanger.cs using Guid(e7d68628914ae5e47b74be03fd97c187) Importer(815301076,1909f56bfc062723c751e8b465ee728b)  -> (artifact id: '5cbca3023d36392ada2ae6356b18d74a') in 0.007153 seconds 
========================================================================
Received Import Request.
  Time since last request: 7.194837 seconds.
  path: Assets/Scripts/ChangingScene.cs
  artifactKey: Guid(e7d68628914ae5e47b74be03fd97c187) Importer(815301076,1909f56bfc062723c751e8b465ee728b)
Start importing Assets/Scripts/ChangingScene.cs using Guid(e7d68628914ae5e47b74be03fd97c187) Importer(815301076,1909f56bfc062723c751e8b465ee728b)  -> (artifact id: '0d8a7054ffa8b221c71d59739948a066') in 0.003481 seconds 
========================================================================
Received Prepare
Registering precompiled user dll's ...
Registered in 0.003781 seconds.
Begin MonoManager ReloadAssembly
Native extension for WindowsStandalone target not found
Refreshing native plugins compatible for Editor in 0.64 ms, found 2 plugins.
Preloading 0 native plugins for Editor in 0.00 ms.
Mono: successfully reloaded assembly
- Completed reload, in  1.045 seconds
Platform modules already initialized, skipping
Refreshing native plugins compatible for Editor in 0.61 ms, found 2 plugins.
Preloading 0 native plugins for Editor in 0.00 ms.
Unloading 3361 Unused Serialized files (Serialized files now loaded: 0)
System memory in use before: 127.6 MB.
System memory in use after: 127.8 MB.

Unloading 17 unused Assets to reduce memory usage. Loaded Objects now: 3838.
Total: 2.810800 ms (FindLiveObjects: 0.338800 ms CreateObjectMapping: 0.116700 ms MarkObjects: 2.248600 ms  DeleteObjects: 0.105800 ms)

========================================================================
Received Prepare
Registering precompiled user dll's ...
Registered in 0.003601 seconds.
Begin MonoManager ReloadAssembly
Native extension for WindowsStandalone target not found
Refreshing native plugins compatible for Editor in 0.63 ms, found 2 plugins.
Preloading 0 native plugins for Editor in 0.00 ms.
Mono: successfully reloaded assembly
- Completed reload, in  1.017 seconds
Platform modules already initialized, skipping
Refreshing native plugins compatible for Editor in 0.62 ms, found 2 plugins.
Preloading 0 native plugins for Editor in 0.00 ms.
Unloading 3361 Unused Serialized files (Serialized files now loaded: 0)
System memory in use before: 127.6 MB.
System memory in use after: 127.8 MB.

Unloading 17 unused Assets to reduce memory usage. Loaded Objects now: 3842.
Total: 2.456400 ms (FindLiveObjects: 0.307300 ms CreateObjectMapping: 0.085400 ms MarkObjects: 1.968700 ms  DeleteObjects: 0.094100 ms)

========================================================================
Received Import Request.
  Time since last request: 462.431454 seconds.
  path: Assets/Scripts/ChangingScene.cs
  artifactKey: Guid(e7d68628914ae5e47b74be03fd97c187) Importer(815301076,1909f56bfc062723c751e8b465ee728b)
Start importing Assets/Scripts/ChangingScene.cs using Guid(e7d68628914ae5e47b74be03fd97c187) Importer(815301076,1909f56bfc062723c751e8b465ee728b)  -> (artifact id: '1e8ef7455c57a3f6799bfeca41e24e16') in 0.007076 seconds 
========================================================================
Received Prepare
Registering precompiled user dll's ...
Registered in 0.004238 seconds.
Begin MonoManager ReloadAssembly
Native extension for WindowsStandalone target not found
Refreshing native plugins compatible for Editor in 0.64 ms, found 2 plugins.
Preloading 0 native plugins for Editor in 0.00 ms.
Mono: successfully reloaded assembly
- Completed reload, in  1.020 seconds
Platform modules already initialized, skipping
Refreshing native plugins compatible for Editor in 0.63 ms, found 2 plugins.
Preloading 0 native plugins for Editor in 0.00 ms.
Unloading 3361 Unused Serialized files (Serialized files now loaded: 0)
System memory in use before: 127.7 MB.
System memory in use after: 127.8 MB.

Unloading 17 unused Assets to reduce memory usage. Loaded Objects now: 3846.
Total: 2.785200 ms (FindLiveObjects: 0.349400 ms CreateObjectMapping: 0.103300 ms MarkObjects: 2.229900 ms  DeleteObjects: 0.101600 ms)

========================================================================
Received Import Request.
  Time since last request: 186.031262 seconds.
  path: Assets/Scripts/ChangingScene.cs
  artifactKey: Guid(e7d68628914ae5e47b74be03fd97c187) Importer(815301076,1909f56bfc062723c751e8b465ee728b)
Start importing Assets/Scripts/ChangingScene.cs using Guid(e7d68628914ae5e47b74be03fd97c187) Importer(815301076,1909f56bfc062723c751e8b465ee728b)  -> (artifact id: 'b29913d59cf3dbb18644d4134f08b361') in 0.007159 seconds 
========================================================================
Received Import Request.
  Time since last request: 43.078662 seconds.
  path: Assets/Scripts/ExitButton.cs
  artifactKey: Guid(4bc12aff359fa114c991d4f19f04fa1a) Importer(815301076,1909f56bfc062723c751e8b465ee728b)
Start importing Assets/Scripts/ExitButton.cs using Guid(4bc12aff359fa114c991d4f19f04fa1a) Importer(815301076,1909f56bfc062723c751e8b465ee728b)  -> (artifact id: 'de06adea7acacdd00b932f45e72662b8') in 0.013971 seconds 
========================================================================
Received Prepare
Registering precompiled user dll's ...
Registered in 0.003858 seconds.
Begin MonoManager ReloadAssembly
Native extension for WindowsStandalone target not found
Refreshing native plugins compatible for Editor in 0.66 ms, found 2 plugins.
Preloading 0 native plugins for Editor in 0.00 ms.
Mono: successfully reloaded assembly
- Completed reload, in  1.037 seconds
Platform modules already initialized, skipping
Refreshing native plugins compatible for Editor in 0.64 ms, found 2 plugins.
Preloading 0 native plugins for Editor in 0.00 ms.
Unloading 3362 Unused Serialized files (Serialized files now loaded: 0)
System memory in use before: 127.7 MB.
System memory in use after: 127.8 MB.

Unloading 17 unused Assets to reduce memory usage. Loaded Objects now: 3851.
Total: 2.436500 ms (FindLiveObjects: 0.283900 ms CreateObjectMapping: 0.085600 ms MarkObjects: 1.971900 ms  DeleteObjects: 0.093800 ms)

========================================================================
Received Prepare
Registering precompiled user dll's ...
Registered in 0.003772 seconds.
Begin MonoManager ReloadAssembly
Native extension for WindowsStandalone target not found
Refreshing native plugins compatible for Editor in 0.63 ms, found 2 plugins.
Preloading 0 native plugins for Editor in 0.00 ms.
Mono: successfully reloaded assembly
- Completed reload, in  1.008 seconds
Platform modules already initialized, skipping
Refreshing native plugins compatible for Editor in 0.69 ms, found 2 plugins.
Preloading 0 native plugins for Editor in 0.00 ms.
Unloading 3362 Unused Serialized files (Serialized files now loaded: 0)
System memory in use before: 127.7 MB.
System memory in use after: 127.8 MB.

Unloading 17 unused Assets to reduce memory usage. Loaded Objects now: 3855.
Total: 2.730200 ms (FindLiveObjects: 0.314100 ms CreateObjectMapping: 0.093700 ms MarkObjects: 2.218000 ms  DeleteObjects: 0.103400 ms)

========================================================================
Received Import Request.
  Time since last request: 86.550576 seconds.
  path: Assets/Scenes/HeathlsBar 1.unity
  artifactKey: Guid(6ec2f9bef62ab7347b494d55813c1445) Importer(815301076,1909f56bfc062723c751e8b465ee728b)
Start importing Assets/Scenes/HeathlsBar 1.unity using Guid(6ec2f9bef62ab7347b494d55813c1445) Importer(815301076,1909f56bfc062723c751e8b465ee728b)  -> (artifact id: 'd70975bdc47e3af325b4e06eb8a6eb9b') in 0.013805 seconds 
========================================================================
Received Import Request.
  Time since last request: 4.760057 seconds.
  path: Assets/Scenes/Exit.unity
  artifactKey: Guid(6ec2f9bef62ab7347b494d55813c1445) Importer(815301076,1909f56bfc062723c751e8b465ee728b)
Start importing Assets/Scenes/Exit.unity using Guid(6ec2f9bef62ab7347b494d55813c1445) Importer(815301076,1909f56bfc062723c751e8b465ee728b)  -> (artifact id: '56d6f4ab09337521f3da51a78e1440d1') in 0.003438 seconds 
========================================================================
Received Prepare
Registering precompiled user dll's ...
Registered in 0.003737 seconds.
Begin MonoManager ReloadAssembly
Native extension for WindowsStandalone target not found
Refreshing native plugins compatible for Editor in 0.65 ms, found 2 plugins.
Preloading 0 native plugins for Editor in 0.00 ms.
Mono: successfully reloaded assembly
- Completed reload, in  1.061 seconds
Platform modules already initialized, skipping
Refreshing native plugins compatible for Editor in 0.61 ms, found 2 plugins.
Preloading 0 native plugins for Editor in 0.00 ms.
Unloading 3361 Unused Serialized files (Serialized files now loaded: 0)
System memory in use before: 127.7 MB.
System memory in use after: 127.8 MB.

Unloading 18 unused Assets to reduce memory usage. Loaded Objects now: 3858.
Total: 2.463000 ms (FindLiveObjects: 0.298400 ms CreateObjectMapping: 0.086200 ms MarkObjects: 1.979000 ms  DeleteObjects: 0.098500 ms)

========================================================================
Received Prepare
Registering precompiled user dll's ...
Registered in 0.003708 seconds.
Begin MonoManager ReloadAssembly
Native extension for WindowsStandalone target not found
Refreshing native plugins compatible for Editor in 0.67 ms, found 2 plugins.
Preloading 0 native plugins for Editor in 0.00 ms.
Mono: successfully reloaded assembly
- Completed reload, in  1.013 seconds
Platform modules already initialized, skipping
Refreshing native plugins compatible for Editor in 0.64 ms, found 2 plugins.
Preloading 0 native plugins for Editor in 0.00 ms.
Unloading 3361 Unused Serialized files (Serialized files now loaded: 0)
System memory in use before: 127.7 MB.
System memory in use after: 127.8 MB.

Unloading 17 unused Assets to reduce memory usage. Loaded Objects now: 3862.
Total: 2.668700 ms (FindLiveObjects: 0.291800 ms CreateObjectMapping: 0.091400 ms MarkObjects: 2.181300 ms  DeleteObjects: 0.103000 ms)

========================================================================
Received Import Request.
  Time since last request: 75.422096 seconds.
  path: Assets/Scenes/MainMenu.unity
  artifactKey: Guid(0a4ce2dd24dd27c47b857db2f1d09f9c) Importer(815301076,1909f56bfc062723c751e8b465ee728b)
Start importing Assets/Scenes/MainMenu.unity using Guid(0a4ce2dd24dd27c47b857db2f1d09f9c) Importer(815301076,1909f56bfc062723c751e8b465ee728b)  -> (artifact id: '56dc3e4effc6de94e03e136dfbff901a') in 0.013772 seconds 
========================================================================
Received Prepare
Registering precompiled user dll's ...
Registered in 0.003721 seconds.
Begin MonoManager ReloadAssembly
Native extension for WindowsStandalone target not found
Refreshing native plugins compatible for Editor in 0.66 ms, found 2 plugins.
Preloading 0 native plugins for Editor in 0.00 ms.
Mono: successfully reloaded assembly
- Completed reload, in  1.018 seconds
Platform modules already initialized, skipping
Refreshing native plugins compatible for Editor in 0.63 ms, found 2 plugins.
Preloading 0 native plugins for Editor in 0.00 ms.
Unloading 3361 Unused Serialized files (Serialized files now loaded: 0)
System memory in use before: 127.7 MB.
System memory in use after: 127.8 MB.

Unloading 17 unused Assets to reduce memory usage. Loaded Objects now: 3866.
Total: 2.705500 ms (FindLiveObjects: 0.358300 ms CreateObjectMapping: 0.086900 ms MarkObjects: 2.153200 ms  DeleteObjects: 0.105800 ms)

========================================================================
Received Import Request.
  Time since last request: 203.969381 seconds.
  path: Assets/Scenes/Exit.unity
  artifactKey: Guid(6ec2f9bef62ab7347b494d55813c1445) Importer(815301076,1909f56bfc062723c751e8b465ee728b)
Start importing Assets/Scenes/Exit.unity using Guid(6ec2f9bef62ab7347b494d55813c1445) Importer(815301076,1909f56bfc062723c751e8b465ee728b)  -> (artifact id: '54659f5f6179c10b1179fc046b2d81dd') in 0.012675 seconds 
========================================================================
Received Import Request.
  Time since last request: 12.858530 seconds.
  path: Assets/Scenes/MainMenu.unity
  artifactKey: Guid(0a4ce2dd24dd27c47b857db2f1d09f9c) Importer(815301076,1909f56bfc062723c751e8b465ee728b)
Start importing Assets/Scenes/MainMenu.unity using Guid(0a4ce2dd24dd27c47b857db2f1d09f9c) Importer(815301076,1909f56bfc062723c751e8b465ee728b)  -> (artifact id: '33c0148994a9324c80a6874edb2a3328') in 0.003425 seconds 
========================================================================
Received Import Request.
  Time since last request: 21.336015 seconds.
  path: Assets/Scripts/CangingColor.cs
  artifactKey: Guid(5dbb6d1e717bf9b40befddb285f0d7bc) Importer(815301076,1909f56bfc062723c751e8b465ee728b)
Start importing Assets/Scripts/CangingColor.cs using Guid(5dbb6d1e717bf9b40befddb285f0d7bc) Importer(815301076,1909f56bfc062723c751e8b465ee728b)  -> (artifact id: '237b78618b5fb73c40c23c7bc9a92034') in 0.005383 seconds 
========================================================================
Received Prepare
Registering precompiled user dll's ...
Registered in 0.003750 seconds.
Begin MonoManager ReloadAssembly
Native extension for WindowsStandalone target not found
Refreshing native plugins compatible for Editor in 0.76 ms, found 2 plugins.
Preloading 0 native plugins for Editor in 0.00 ms.
Mono: successfully reloaded assembly
- Completed reload, in  1.030 seconds
Platform modules already initialized, skipping
Refreshing native plugins compatible for Editor in 0.60 ms, found 2 plugins.
Preloading 0 native plugins for Editor in 0.00 ms.
Unloading 3362 Unused Serialized files (Serialized files now loaded: 0)
System memory in use before: 127.8 MB.
System memory in use after: 127.9 MB.

Unloading 17 unused Assets to reduce memory usage. Loaded Objects now: 3871.
Total: 2.462400 ms (FindLiveObjects: 0.286100 ms CreateObjectMapping: 0.084200 ms MarkObjects: 1.992500 ms  DeleteObjects: 0.098800 ms)

========================================================================
Received Import Request.
  Time since last request: 10.169378 seconds.
  path: Assets/Scripts/ChangingColor.cs
  artifactKey: Guid(5dbb6d1e717bf9b40befddb285f0d7bc) Importer(815301076,1909f56bfc062723c751e8b465ee728b)
Start importing Assets/Scripts/ChangingColor.cs using Guid(5dbb6d1e717bf9b40befddb285f0d7bc) Importer(815301076,1909f56bfc062723c751e8b465ee728b)  -> (artifact id: '80823c86735012cb425df418ea30921f') in 0.008049 seconds 
========================================================================
Received Prepare
Registering precompiled user dll's ...
Registered in 0.003758 seconds.
Begin MonoManager ReloadAssembly
Native extension for WindowsStandalone target not found
Refreshing native plugins compatible for Editor in 0.64 ms, found 2 plugins.
Preloading 0 native plugins for Editor in 0.00 ms.
Mono: successfully reloaded assembly
- Completed reload, in  1.063 seconds
Platform modules already initialized, skipping
Refreshing native plugins compatible for Editor in 0.97 ms, found 2 plugins.
Preloading 0 native plugins for Editor in 0.00 ms.
Unloading 3362 Unused Serialized files (Serialized files now loaded: 0)
System memory in use before: 127.8 MB.
System memory in use after: 127.9 MB.

Unloading 17 unused Assets to reduce memory usage. Loaded Objects now: 3875.
Total: 2.973000 ms (FindLiveObjects: 0.327200 ms CreateObjectMapping: 0.094100 ms MarkObjects: 2.435700 ms  DeleteObjects: 0.114600 ms)

========================================================================
Received Prepare
Registering precompiled user dll's ...
Registered in 0.003563 seconds.
Begin MonoManager ReloadAssembly
Native extension for WindowsStandalone target not found
Refreshing native plugins compatible for Editor in 0.64 ms, found 2 plugins.
Preloading 0 native plugins for Editor in 0.00 ms.
Mono: successfully reloaded assembly
- Completed reload, in  1.038 seconds
Platform modules already initialized, skipping
Refreshing native plugins compatible for Editor in 0.62 ms, found 2 plugins.
Preloading 0 native plugins for Editor in 0.00 ms.
Unloading 3362 Unused Serialized files (Serialized files now loaded: 0)
System memory in use before: 127.8 MB.
System memory in use after: 127.9 MB.

Unloading 17 unused Assets to reduce memory usage. Loaded Objects now: 3879.
Total: 2.666700 ms (FindLiveObjects: 0.286900 ms CreateObjectMapping: 0.091100 ms MarkObjects: 2.185800 ms  DeleteObjects: 0.101600 ms)

========================================================================
Received Import Request.
  Time since last request: 28.796112 seconds.
  path: Assets/Scripts/ChangingColor.cs
  artifactKey: Guid(5dbb6d1e717bf9b40befddb285f0d7bc) Importer(815301076,1909f56bfc062723c751e8b465ee728b)
Start importing Assets/Scripts/ChangingColor.cs using Guid(5dbb6d1e717bf9b40befddb285f0d7bc) Importer(815301076,1909f56bfc062723c751e8b465ee728b)  -> (artifact id: 'ee3bac66c9c66e87f7e20c30fac59c4c') in 0.008225 seconds 
========================================================================
Received Import Request.
  Time since last request: 0.349565 seconds.
  path: Assets/Scripts/ChangingScene.cs
  artifactKey: Guid(e7d68628914ae5e47b74be03fd97c187) Importer(815301076,1909f56bfc062723c751e8b465ee728b)
Start importing Assets/Scripts/ChangingScene.cs using Guid(e7d68628914ae5e47b74be03fd97c187) Importer(815301076,1909f56bfc062723c751e8b465ee728b)  -> (artifact id: 'd246bbb95c881d69fa631c44ff293d52') in 0.003066 seconds 
========================================================================
Received Prepare
Registering precompiled user dll's ...
Registered in 0.003903 seconds.
Begin MonoManager ReloadAssembly
Native extension for WindowsStandalone target not found
Refreshing native plugins compatible for Editor in 0.67 ms, found 2 plugins.
Preloading 0 native plugins for Editor in 0.00 ms.
Mono: successfully reloaded assembly
- Completed reload, in  1.019 seconds
Platform modules already initialized, skipping
Refreshing native plugins compatible for Editor in 0.65 ms, found 2 plugins.
Preloading 0 native plugins for Editor in 0.00 ms.
Unloading 3362 Unused Serialized files (Serialized files now loaded: 0)
System memory in use before: 127.8 MB.
System memory in use after: 127.9 MB.

Unloading 17 unused Assets to reduce memory usage. Loaded Objects now: 3883.
Total: 2.938300 ms (FindLiveObjects: 0.379400 ms CreateObjectMapping: 0.098000 ms MarkObjects: 2.345700 ms  DeleteObjects: 0.113600 ms)

========================================================================
Received Prepare
Registering precompiled user dll's ...
Registered in 0.003706 seconds.
Begin MonoManager ReloadAssembly
Native extension for WindowsStandalone target not found
Refreshing native plugins compatible for Editor in 0.62 ms, found 2 plugins.
Preloading 0 native plugins for Editor in 0.00 ms.
Mono: successfully reloaded assembly
- Completed reload, in  1.007 seconds
Platform modules already initialized, skipping
Refreshing native plugins compatible for Editor in 0.62 ms, found 2 plugins.
Preloading 0 native plugins for Editor in 0.00 ms.
Unloading 3362 Unused Serialized files (Serialized files now loaded: 0)
System memory in use before: 127.8 MB.
System memory in use after: 127.9 MB.

Unloading 17 unused Assets to reduce memory usage. Loaded Objects now: 3887.
Total: 2.450500 ms (FindLiveObjects: 0.276000 ms CreateObjectMapping: 0.082800 ms MarkObjects: 1.994400 ms  DeleteObjects: 0.096400 ms)

========================================================================
Received Prepare
Registering precompiled user dll's ...
Registered in 0.003728 seconds.
Begin MonoManager ReloadAssembly
Native extension for WindowsStandalone target not found
Refreshing native plugins compatible for Editor in 0.63 ms, found 2 plugins.
Preloading 0 native plugins for Editor in 0.00 ms.
Mono: successfully reloaded assembly
- Completed reload, in  1.023 seconds
Platform modules already initialized, skipping
Refreshing native plugins compatible for Editor in 0.64 ms, found 2 plugins.
Preloading 0 native plugins for Editor in 0.00 ms.
Unloading 3362 Unused Serialized files (Serialized files now loaded: 0)
System memory in use before: 127.8 MB.
System memory in use after: 127.9 MB.

Unloading 17 unused Assets to reduce memory usage. Loaded Objects now: 3891.
Total: 2.799900 ms (FindLiveObjects: 0.362600 ms CreateObjectMapping: 0.091800 ms MarkObjects: 2.231200 ms  DeleteObjects: 0.113200 ms)

========================================================================
Received Import Request.
  Time since last request: 475.705001 seconds.
  path: Assets/Animations
  artifactKey: Guid(c3eb2a0921665434a8d16def0b28eef3) Importer(815301076,1909f56bfc062723c751e8b465ee728b)
Start importing Assets/Animations using Guid(c3eb2a0921665434a8d16def0b28eef3) Importer(815301076,1909f56bfc062723c751e8b465ee728b)  -> (artifact id: 'a86e87a9687ab6383fbe716b0fecf647') in 0.007740 seconds 
========================================================================
Received Import Request.
  Time since last request: 9.903174 seconds.
  path: Assets/Animations/Buttons.anim
  artifactKey: Guid(b7f4d2c85a508df4ebd9bf11b067571e) Importer(815301076,1909f56bfc062723c751e8b465ee728b)
Start importing Assets/Animations/Buttons.anim using Guid(b7f4d2c85a508df4ebd9bf11b067571e) Importer(815301076,1909f56bfc062723c751e8b465ee728b)  -> (artifact id: 'ab2d25bd95f8588d630c4c2930274068') in 0.013163 seconds 
========================================================================
Received Prepare
Registering precompiled user dll's ...
Registered in 0.003673 seconds.
Begin MonoManager ReloadAssembly
Native extension for WindowsStandalone target not found
Refreshing native plugins compatible for Editor in 0.63 ms, found 2 plugins.
Preloading 0 native plugins for Editor in 0.00 ms.
Mono: successfully reloaded assembly
- Completed reload, in  1.015 seconds
Platform modules already initialized, skipping
Refreshing native plugins compatible for Editor in 0.62 ms, found 2 plugins.
Preloading 0 native plugins for Editor in 0.00 ms.
Unloading 3362 Unused Serialized files (Serialized files now loaded: 0)
System memory in use before: 127.8 MB.
System memory in use after: 127.9 MB.

Unloading 17 unused Assets to reduce memory usage. Loaded Objects now: 3895.
Total: 2.686800 ms (FindLiveObjects: 0.317700 ms CreateObjectMapping: 0.116600 ms MarkObjects: 2.153100 ms  DeleteObjects: 0.098600 ms)

========================================================================
Received Prepare
Registering precompiled user dll's ...
Registered in 0.003603 seconds.
Begin MonoManager ReloadAssembly
Native extension for WindowsStandalone target not found
Refreshing native plugins compatible for Editor in 0.65 ms, found 2 plugins.
Preloading 0 native plugins for Editor in 0.00 ms.
Mono: successfully reloaded assembly
- Completed reload, in  1.015 seconds
Platform modules already initialized, skipping
Refreshing native plugins compatible for Editor in 0.62 ms, found 2 plugins.
Preloading 0 native plugins for Editor in 0.00 ms.
Unloading 3362 Unused Serialized files (Serialized files now loaded: 0)
System memory in use before: 127.8 MB.
System memory in use after: 127.9 MB.

Unloading 17 unused Assets to reduce memory usage. Loaded Objects now: 3899.
Total: 2.651900 ms (FindLiveObjects: 0.301500 ms CreateObjectMapping: 0.087100 ms MarkObjects: 2.160100 ms  DeleteObjects: 0.101600 ms)

========================================================================
Received Import Request.
  Time since last request: 301.519423 seconds.
  path: Assets/Animations/Buttons.anim
  artifactKey: Guid(b7f4d2c85a508df4ebd9bf11b067571e) Importer(815301076,1909f56bfc062723c751e8b465ee728b)
Start importing Assets/Animations/Buttons.anim using Guid(b7f4d2c85a508df4ebd9bf11b067571e) Importer(815301076,1909f56bfc062723c751e8b465ee728b)  -> (artifact id: '5f93e79b81d3f613283ee1ccb918ecb6') in 0.014814 seconds 
========================================================================
Received Import Request.
  Time since last request: 0.642343 seconds.
  path: Assets/Animations/Buttons 1.anim
  artifactKey: Guid(aee4c1ac56ae3864e9f6d5af82b04282) Importer(815301076,1909f56bfc062723c751e8b465ee728b)
Start importing Assets/Animations/Buttons 1.anim using Guid(aee4c1ac56ae3864e9f6d5af82b04282) Importer(815301076,1909f56bfc062723c751e8b465ee728b)  -> (artifact id: 'c7fb69d0b73b154105a07ebd2630d51f') in 0.004156 seconds 
========================================================================
Received Import Request.
  Time since last request: 68.751132 seconds.
  path: Assets/Animations/Credits.controller
  artifactKey: Guid(2f695a158916feb4d867b4a149772168) Importer(815301076,1909f56bfc062723c751e8b465ee728b)
Start importing Assets/Animations/Credits.controller using Guid(2f695a158916feb4d867b4a149772168) Importer(815301076,1909f56bfc062723c751e8b465ee728b)  -> (artifact id: '251908c1cf94d5cc6e03d053c211807f') in 0.007257 seconds 
========================================================================
Received Import Request.
  Time since last request: 3.539220 seconds.
  path: Assets/Animations/Credits 1.controller
  artifactKey: Guid(d2d116fed17cb794e932bf25dc7ac6a6) Importer(815301076,1909f56bfc062723c751e8b465ee728b)
Start importing Assets/Animations/Credits 1.controller using Guid(d2d116fed17cb794e932bf25dc7ac6a6) Importer(815301076,1909f56bfc062723c751e8b465ee728b)  -> (artifact id: '5108a063fe041f6062757c116e3a0c59') in 0.003959 seconds 
========================================================================
Received Import Request.
  Time since last request: 4.313409 seconds.
  path: Assets/Animations/Credits.controller
  artifactKey: Guid(d2d116fed17cb794e932bf25dc7ac6a6) Importer(815301076,1909f56bfc062723c751e8b465ee728b)
Start importing Assets/Animations/Credits.controller using Guid(d2d116fed17cb794e932bf25dc7ac6a6) Importer(815301076,1909f56bfc062723c751e8b465ee728b)  -> (artifact id: '5a3d33e39a7e72058b8cda53a4e292a2') in 0.003394 seconds 
========================================================================
Received Prepare
Registering precompiled user dll's ...
Registered in 0.325218 seconds.
Begin MonoManager ReloadAssembly
Native extension for WindowsStandalone target not found
Refreshing native plugins compatible for Editor in 0.65 ms, found 2 plugins.
Preloading 0 native plugins for Editor in 0.00 ms.
Mono: successfully reloaded assembly
- Completed reload, in  0.996 seconds
Platform modules already initialized, skipping
Refreshing native plugins compatible for Editor in 0.61 ms, found 2 plugins.
Preloading 0 native plugins for Editor in 0.00 ms.
Unloading 3362 Unused Serialized files (Serialized files now loaded: 0)
System memory in use before: 127.8 MB.
System memory in use after: 128.0 MB.

Unloading 17 unused Assets to reduce memory usage. Loaded Objects now: 3903.
Total: 2.944100 ms (FindLiveObjects: 0.399200 ms CreateObjectMapping: 0.119100 ms MarkObjects: 2.311800 ms  DeleteObjects: 0.112400 ms)

========================================================================
Received Import Request.
  Time since last request: 238.242461 seconds.
  path: Assets/Animations/Buttons 2.anim
  artifactKey: Guid(6f319912f961b9348b83803cdbc3f98e) Importer(815301076,1909f56bfc062723c751e8b465ee728b)
Start importing Assets/Animations/Buttons 2.anim using Guid(6f319912f961b9348b83803cdbc3f98e) Importer(815301076,1909f56bfc062723c751e8b465ee728b)  -> (artifact id: 'a694dc162b2cfc49e518d87efa5a76f2') in 0.013883 seconds 
========================================================================
Received Import Request.
  Time since last request: 0.000197 seconds.
  path: Assets/Animations/Buttons 1.anim
  artifactKey: Guid(aee4c1ac56ae3864e9f6d5af82b04282) Importer(815301076,1909f56bfc062723c751e8b465ee728b)
Start importing Assets/Animations/Buttons 1.anim using Guid(aee4c1ac56ae3864e9f6d5af82b04282) Importer(815301076,1909f56bfc062723c751e8b465ee728b)  -> (artifact id: '69d141ef8119a47519af97f378dd7ca0') in 0.003629 seconds 
========================================================================
Received Import Request.
  Time since last request: 91.288677 seconds.
  path: Assets/Animations/Credits.controller
  artifactKey: Guid(d2d116fed17cb794e932bf25dc7ac6a6) Importer(815301076,1909f56bfc062723c751e8b465ee728b)
Start importing Assets/Animations/Credits.controller using Guid(d2d116fed17cb794e932bf25dc7ac6a6) Importer(815301076,1909f56bfc062723c751e8b465ee728b)  -> (artifact id: '95c20924ccd15e40dadddf278552012c') in 0.004929 seconds 
========================================================================
Received Prepare
Registering precompiled user dll's ...
Registered in 0.003653 seconds.
Begin MonoManager ReloadAssembly
Native extension for WindowsStandalone target not found
Refreshing native plugins compatible for Editor in 0.63 ms, found 2 plugins.
Preloading 0 native plugins for Editor in 0.00 ms.
Mono: successfully reloaded assembly
- Completed reload, in  1.009 seconds
Platform modules already initialized, skipping
Refreshing native plugins compatible for Editor in 0.74 ms, found 2 plugins.
Preloading 0 native plugins for Editor in 0.00 ms.
Unloading 3362 Unused Serialized files (Serialized files now loaded: 0)
System memory in use before: 127.9 MB.
System memory in use after: 128.0 MB.

Unloading 17 unused Assets to reduce memory usage. Loaded Objects now: 3907.
Total: 2.521800 ms (FindLiveObjects: 0.301500 ms CreateObjectMapping: 0.088800 ms MarkObjects: 2.021900 ms  DeleteObjects: 0.108800 ms)

========================================================================
Received Import Request.
  Time since last request: 39.275496 seconds.
  path: Assets/Animations/Exit.controller
  artifactKey: Guid(2628ca81d6209ba42b3d9f01ed92f19b) Importer(815301076,1909f56bfc062723c751e8b465ee728b)
Start importing Assets/Animations/Exit.controller using Guid(2628ca81d6209ba42b3d9f01ed92f19b) Importer(815301076,1909f56bfc062723c751e8b465ee728b)  -> (artifact id: 'e1fbbf9ad4da9e46e800551245be6ad6') in 0.014522 seconds 
========================================================================
Received Prepare
Registering precompiled user dll's ...
Registered in 0.003597 seconds.
Begin MonoManager ReloadAssembly
Native extension for WindowsStandalone target not found
Refreshing native plugins compatible for Editor in 0.65 ms, found 2 plugins.
Preloading 0 native plugins for Editor in 0.00 ms.
Mono: successfully reloaded assembly
- Completed reload, in  1.028 seconds
Platform modules already initialized, skipping
Refreshing native plugins compatible for Editor in 0.64 ms, found 2 plugins.
Preloading 0 native plugins for Editor in 0.00 ms.
Unloading 3362 Unused Serialized files (Serialized files now loaded: 0)
System memory in use before: 127.9 MB.
System memory in use after: 128.0 MB.

Unloading 17 unused Assets to reduce memory usage. Loaded Objects now: 3911.
Total: 2.449600 ms (FindLiveObjects: 0.306600 ms CreateObjectMapping: 0.083700 ms MarkObjects: 1.962700 ms  DeleteObjects: 0.096100 ms)

========================================================================
Received Import Request.
  Time since last request: 26.587516 seconds.
  path: Assets/Animations/Credits.controller
  artifactKey: Guid(d2d116fed17cb794e932bf25dc7ac6a6) Importer(815301076,1909f56bfc062723c751e8b465ee728b)
Start importing Assets/Animations/Credits.controller using Guid(d2d116fed17cb794e932bf25dc7ac6a6) Importer(815301076,1909f56bfc062723c751e8b465ee728b)  -> (artifact id: '46f1bc4b6b1fa760347af4b5a1d05d0b') in 0.015470 seconds 
========================================================================
Received Prepare
Registering precompiled user dll's ...
Registered in 0.003738 seconds.
Begin MonoManager ReloadAssembly
Native extension for WindowsStandalone target not found
Refreshing native plugins compatible for Editor in 0.63 ms, found 2 plugins.
Preloading 0 native plugins for Editor in 0.00 ms.
Mono: successfully reloaded assembly
- Completed reload, in  1.003 seconds
Platform modules already initialized, skipping
Refreshing native plugins compatible for Editor in 0.63 ms, found 2 plugins.
Preloading 0 native plugins for Editor in 0.00 ms.
Unloading 3362 Unused Serialized files (Serialized files now loaded: 0)
System memory in use before: 127.9 MB.
System memory in use after: 128.0 MB.

Unloading 17 unused Assets to reduce memory usage. Loaded Objects now: 3915.
Total: 2.569700 ms (FindLiveObjects: 0.302400 ms CreateObjectMapping: 0.089600 ms MarkObjects: 2.071800 ms  DeleteObjects: 0.105100 ms)

========================================================================
Received Import Request.
  Time since last request: 18.973289 seconds.
  path: Assets/Animations/Buttons 2.anim
  artifactKey: Guid(6f319912f961b9348b83803cdbc3f98e) Importer(815301076,1909f56bfc062723c751e8b465ee728b)
Start importing Assets/Animations/Buttons 2.anim using Guid(6f319912f961b9348b83803cdbc3f98e) Importer(815301076,1909f56bfc062723c751e8b465ee728b)  -> (artifact id: 'f1c00a0333230c5ed57649ca7cc47c4b') in 0.014923 seconds 
========================================================================
Received Import Request.
  Time since last request: 20.140903 seconds.
  path: Assets/Scripts/EnableAnimations.cs
  artifactKey: Guid(890866a1b74a0d040bf8fbe00d96e602) Importer(815301076,1909f56bfc062723c751e8b465ee728b)
Start importing Assets/Scripts/EnableAnimations.cs using Guid(890866a1b74a0d040bf8fbe00d96e602) Importer(815301076,1909f56bfc062723c751e8b465ee728b)  -> (artifact id: '905dbefde65fdb581ad96c9d45fb4e07') in 0.003433 seconds 
========================================================================
Received Prepare
Registering precompiled user dll's ...
Registered in 0.003648 seconds.
Begin MonoManager ReloadAssembly
Native extension for WindowsStandalone target not found
Refreshing native plugins compatible for Editor in 0.67 ms, found 2 plugins.
Preloading 0 native plugins for Editor in 0.00 ms.
Mono: successfully reloaded assembly
- Completed reload, in  1.034 seconds
Platform modules already initialized, skipping
Refreshing native plugins compatible for Editor in 0.65 ms, found 2 plugins.
Preloading 0 native plugins for Editor in 0.00 ms.
Unloading 3363 Unused Serialized files (Serialized files now loaded: 0)
System memory in use before: 127.9 MB.
System memory in use after: 128.0 MB.

Unloading 17 unused Assets to reduce memory usage. Loaded Objects now: 3920.
Total: 2.513600 ms (FindLiveObjects: 0.294800 ms CreateObjectMapping: 0.084300 ms MarkObjects: 2.028900 ms  DeleteObjects: 0.104800 ms)

========================================================================
Received Prepare
Registering precompiled user dll's ...
Registered in 0.003612 seconds.
Begin MonoManager ReloadAssembly
Native extension for WindowsStandalone target not found
Refreshing native plugins compatible for Editor in 0.65 ms, found 2 plugins.
Preloading 0 native plugins for Editor in 0.00 ms.
Mono: successfully reloaded assembly
- Completed reload, in  1.037 seconds
Platform modules already initialized, skipping
Refreshing native plugins compatible for Editor in 0.62 ms, found 2 plugins.
Preloading 0 native plugins for Editor in 0.00 ms.
Unloading 3363 Unused Serialized files (Serialized files now loaded: 0)
System memory in use before: 127.9 MB.
System memory in use after: 128.0 MB.

Unloading 17 unused Assets to reduce memory usage. Loaded Objects now: 3924.
Total: 2.610900 ms (FindLiveObjects: 0.316300 ms CreateObjectMapping: 0.088200 ms MarkObjects: 2.103100 ms  DeleteObjects: 0.102300 ms)

========================================================================
Received Import Request.
  Time since last request: 209.058581 seconds.
  path: Assets/Scripts/EnableAnimations.cs
  artifactKey: Guid(890866a1b74a0d040bf8fbe00d96e602) Importer(815301076,1909f56bfc062723c751e8b465ee728b)
Start importing Assets/Scripts/EnableAnimations.cs using Guid(890866a1b74a0d040bf8fbe00d96e602) Importer(815301076,1909f56bfc062723c751e8b465ee728b)  -> (artifact id: '2f31c39ca63d377fe54baccf00c58d23') in 0.007182 seconds 
========================================================================
Received Prepare
Registering precompiled user dll's ...
Registered in 0.003649 seconds.
Begin MonoManager ReloadAssembly
Native extension for WindowsStandalone target not found
Refreshing native plugins compatible for Editor in 0.65 ms, found 2 plugins.
Preloading 0 native plugins for Editor in 0.00 ms.
Mono: successfully reloaded assembly
- Completed reload, in  1.035 seconds
Platform modules already initialized, skipping
Refreshing native plugins compatible for Editor in 0.62 ms, found 2 plugins.
Preloading 0 native plugins for Editor in 0.00 ms.
Unloading 3363 Unused Serialized files (Serialized files now loaded: 0)
System memory in use before: 127.9 MB.
System memory in use after: 128.0 MB.

Unloading 17 unused Assets to reduce memory usage. Loaded Objects now: 3928.
Total: 2.503600 ms (FindLiveObjects: 0.302600 ms CreateObjectMapping: 0.084400 ms MarkObjects: 2.020000 ms  DeleteObjects: 0.095500 ms)

========================================================================
Received Prepare
Registering precompiled user dll's ...
Registered in 0.003691 seconds.
Begin MonoManager ReloadAssembly
Native extension for WindowsStandalone target not found
Refreshing native plugins compatible for Editor in 0.64 ms, found 2 plugins.
Preloading 0 native plugins for Editor in 0.00 ms.
Mono: successfully reloaded assembly
- Completed reload, in  1.019 seconds
Platform modules already initialized, skipping
Refreshing native plugins compatible for Editor in 0.66 ms, found 2 plugins.
Preloading 0 native plugins for Editor in 0.00 ms.
Unloading 3363 Unused Serialized files (Serialized files now loaded: 0)
System memory in use before: 127.9 MB.
System memory in use after: 128.0 MB.

Unloading 17 unused Assets to reduce memory usage. Loaded Objects now: 3932.
Total: 2.904200 ms (FindLiveObjects: 0.392600 ms CreateObjectMapping: 0.140900 ms MarkObjects: 2.261700 ms  DeleteObjects: 0.107700 ms)

========================================================================
Received Prepare
Registering precompiled user dll's ...
Registered in 0.003726 seconds.
Begin MonoManager ReloadAssembly
Native extension for WindowsStandalone target not found
Refreshing native plugins compatible for Editor in 0.64 ms, found 2 plugins.
Preloading 0 native plugins for Editor in 0.00 ms.
Mono: successfully reloaded assembly
- Completed reload, in  1.033 seconds
Platform modules already initialized, skipping
Refreshing native plugins compatible for Editor in 0.63 ms, found 2 plugins.
Preloading 0 native plugins for Editor in 0.00 ms.
Unloading 3363 Unused Serialized files (Serialized files now loaded: 0)
System memory in use before: 127.9 MB.
System memory in use after: 128.1 MB.

Unloading 17 unused Assets to reduce memory usage. Loaded Objects now: 3936.
Total: 2.952900 ms (FindLiveObjects: 0.394600 ms CreateObjectMapping: 0.109600 ms MarkObjects: 2.339600 ms  DeleteObjects: 0.107600 ms)

========================================================================
Received Import Request.
  Time since last request: 275.019053 seconds.
  path: Assets/Scenes/MainMenu.unity
  artifactKey: Guid(0a4ce2dd24dd27c47b857db2f1d09f9c) Importer(815301076,1909f56bfc062723c751e8b465ee728b)
Start importing Assets/Scenes/MainMenu.unity using Guid(0a4ce2dd24dd27c47b857db2f1d09f9c) Importer(815301076,1909f56bfc062723c751e8b465ee728b)  -> (artifact id: 'c14fe8934a0a7f538a78f539d8e4ca31') in 0.013884 seconds 
========================================================================
Received Prepare
Registering precompiled user dll's ...
Registered in 0.003787 seconds.
Begin MonoManager ReloadAssembly
Native extension for WindowsStandalone target not found
Refreshing native plugins compatible for Editor in 0.64 ms, found 2 plugins.
Preloading 0 native plugins for Editor in 0.00 ms.
Mono: successfully reloaded assembly
- Completed reload, in  1.006 seconds
Platform modules already initialized, skipping
Refreshing native plugins compatible for Editor in 0.64 ms, found 2 plugins.
Preloading 0 native plugins for Editor in 0.00 ms.
Unloading 3363 Unused Serialized files (Serialized files now loaded: 0)
System memory in use before: 128.0 MB.
System memory in use after: 128.1 MB.

Unloading 17 unused Assets to reduce memory usage. Loaded Objects now: 3940.
Total: 2.754900 ms (FindLiveObjects: 0.323100 ms CreateObjectMapping: 0.089400 ms MarkObjects: 2.236200 ms  DeleteObjects: 0.104900 ms)

AssetImportWorkerClient::OnTransportError - code=2 error=End of file
